2024-08-12T21:40:14.333+03:00  INFO 6153 --- [SpringBootLearning] [restartedMain] c.s.s.SpringBootLearningApplication      : Starting SpringBootLearningApplication using Java 22.0.2 with PID 6153 (/Users/simayy/IdeaProjects/SpringBootLearning/target/classes started by simayy in /Users/simayy/IdeaProjects/SpringBootLearning)
2024-08-12T21:40:14.334+03:00  INFO 6153 --- [SpringBootLearning] [restartedMain] c.s.s.SpringBootLearningApplication      : No active profile set, falling back to 1 default profile: "default"
2024-08-12T21:40:14.352+03:00  INFO 6153 --- [SpringBootLearning] [restartedMain] o.s.b.devtools.restart.ChangeableUrls    : The Class-Path manifest attribute in /Users/simayy/.m2/repository/com/oracle/database/jdbc/ojdbc11/21.9.0.0/ojdbc11-21.9.0.0.jar referenced one or more files that do not exist: file:/Users/simayy/.m2/repository/com/oracle/database/jdbc/ojdbc11/21.9.0.0/oraclepki.jar
2024-08-12T21:40:14.353+03:00  INFO 6153 --- [SpringBootLearning] [restartedMain] .e.DevToolsPropertyDefaultsPostProcessor : Devtools property defaults active! Set 'spring.devtools.add-properties' to 'false' to disable
2024-08-12T21:40:14.353+03:00  INFO 6153 --- [SpringBootLearning] [restartedMain] .e.DevToolsPropertyDefaultsPostProcessor : For additional web related logging consider setting the 'logging.level.web' property to 'DEBUG'
2024-08-12T21:40:14.809+03:00  INFO 6153 --- [SpringBootLearning] [restartedMain] .s.d.r.c.RepositoryConfigurationDelegate : Bootstrapping Spring Data JPA repositories in DEFAULT mode.
2024-08-12T21:40:14.817+03:00  INFO 6153 --- [SpringBootLearning] [restartedMain] .s.d.r.c.RepositoryConfigurationDelegate : Finished Spring Data repository scanning in 5 ms. Found 0 JPA repository interfaces.
2024-08-12T21:40:15.236+03:00  INFO 6153 --- [SpringBootLearning] [restartedMain] o.s.b.w.embedded.tomcat.TomcatWebServer  : Tomcat initialized with port 8080 (http)
2024-08-12T21:40:15.245+03:00  INFO 6153 --- [SpringBootLearning] [restartedMain] o.apache.catalina.core.StandardService   : Starting service [Tomcat]
2024-08-12T21:40:15.246+03:00  INFO 6153 --- [SpringBootLearning] [restartedMain] o.apache.catalina.core.StandardEngine    : Starting Servlet engine: [Apache Tomcat/10.1.26]
2024-08-12T21:40:15.274+03:00  INFO 6153 --- [SpringBootLearning] [restartedMain] o.a.c.c.C.[Tomcat].[localhost].[/]       : Initializing Spring embedded WebApplicationContext
2024-08-12T21:40:15.274+03:00  INFO 6153 --- [SpringBootLearning] [restartedMain] w.s.c.ServletWebServerApplicationContext : Root WebApplicationContext: initialization completed in 921 ms
2024-08-12T21:40:15.360+03:00  INFO 6153 --- [SpringBootLearning] [restartedMain] com.zaxxer.hikari.HikariDataSource       : HikariPool-1 - Starting...
2024-08-12T21:40:15.506+03:00  INFO 6153 --- [SpringBootLearning] [restartedMain] com.zaxxer.hikari.pool.HikariPool        : HikariPool-1 - Added connection conn0: url=jdbc:h2:mem:deneme user=ROOT
2024-08-12T21:40:15.507+03:00  INFO 6153 --- [SpringBootLearning] [restartedMain] com.zaxxer.hikari.HikariDataSource       : HikariPool-1 - Start completed.
2024-08-12T21:40:15.514+03:00  INFO 6153 --- [SpringBootLearning] [restartedMain] o.s.b.a.h2.H2ConsoleAutoConfiguration    : H2 console available at '/h2-console'. Database available at 'jdbc:h2:mem:deneme'
2024-08-12T21:40:15.624+03:00  INFO 6153 --- [SpringBootLearning] [restartedMain] o.hibernate.jpa.internal.util.LogHelper  : HHH000204: Processing PersistenceUnitInfo [name: default]
2024-08-12T21:40:15.657+03:00  INFO 6153 --- [SpringBootLearning] [restartedMain] org.hibernate.Version                    : HHH000412: Hibernate ORM core version 6.5.2.Final
2024-08-12T21:40:15.674+03:00  INFO 6153 --- [SpringBootLearning] [restartedMain] o.h.c.internal.RegionFactoryInitiator    : HHH000026: Second-level cache disabled
2024-08-12T21:40:15.834+03:00  INFO 6153 --- [SpringBootLearning] [restartedMain] o.s.o.j.p.SpringPersistenceUnitInfo      : No LoadTimeWeaver setup: ignoring JPA class transformer
2024-08-12T21:40:15.861+03:00  WARN 6153 --- [SpringBootLearning] [restartedMain] org.hibernate.orm.deprecation            : HHH90000025: H2Dialect does not need to be specified explicitly using 'hibernate.dialect' (remove the property setting and it will be selected by default)
2024-08-12T21:40:16.046+03:00  INFO 6153 --- [SpringBootLearning] [restartedMain] o.h.e.t.j.p.i.JtaPlatformInitiator       : HHH000489: No JTA platform available (set 'hibernate.transaction.jta.platform' to enable JTA platform integration)
2024-08-12T21:40:16.049+03:00  INFO 6153 --- [SpringBootLearning] [restartedMain] j.LocalContainerEntityManagerFactoryBean : Initialized JPA EntityManagerFactory for persistence unit 'default'
2024-08-12T21:40:16.104+03:00  WARN 6153 --- [SpringBootLearning] [restartedMain] JpaBaseConfiguration$JpaWebConfiguration : spring.jpa.open-in-view is enabled by default. Therefore, database queries may be performed during view rendering. Explicitly configure spring.jpa.open-in-view to disable this warning
2024-08-12T21:40:16.323+03:00  WARN 6153 --- [SpringBootLearning] [restartedMain] ion$DefaultTemplateResolverConfiguration : Cannot find template location: classpath:/templates/ (please add some templates, check your Thymeleaf configuration, or set spring.thymeleaf.check-template-location=false)
2024-08-12T21:40:16.601+03:00  INFO 6153 --- [SpringBootLearning] [restartedMain] o.s.b.d.a.OptionalLiveReloadServer       : LiveReload server is running on port 35729
2024-08-12T21:40:16.607+03:00  INFO 6153 --- [SpringBootLearning] [restartedMain] o.s.b.a.e.web.EndpointLinksResolver      : Exposing 1 endpoint beneath base path '/actuator'
2024-08-12T21:40:16.663+03:00  INFO 6153 --- [SpringBootLearning] [restartedMain] o.s.b.w.embedded.tomcat.TomcatWebServer  : Tomcat started on port 8080 (http) with context path '/'
2024-08-12T21:40:16.673+03:00  INFO 6153 --- [SpringBootLearning] [restartedMain] c.s.s.SpringBootLearningApplication      : Started SpringBootLearningApplication in 2.537 seconds (process running for 2.949)
2024-08-12T21:40:16.998+03:00  INFO 6153 --- [SpringBootLearning] [RMI TCP Connection(2)-127.0.0.1] o.a.c.c.C.[Tomcat].[localhost].[/]       : Initializing Spring DispatcherServlet 'dispatcherServlet'
2024-08-12T21:40:16.998+03:00  INFO 6153 --- [SpringBootLearning] [RMI TCP Connection(2)-127.0.0.1] o.s.web.servlet.DispatcherServlet        : Initializing Servlet 'dispatcherServlet'
2024-08-12T21:40:16.999+03:00  INFO 6153 --- [SpringBootLearning] [RMI TCP Connection(2)-127.0.0.1] o.s.web.servlet.DispatcherServlet        : Completed initialization in 1 ms
2024-08-12T21:40:32.139+03:00  INFO 6153 --- [SpringBootLearning] [File Watcher] rtingClassPathChangeChangedEventListener : Restarting due to 2 class path changes (0 additions, 0 deletions, 2 modifications)
2024-08-12T21:40:32.151+03:00  INFO 6153 --- [SpringBootLearning] [Thread-5] j.LocalContainerEntityManagerFactoryBean : Closing JPA EntityManagerFactory for persistence unit 'default'
2024-08-12T21:40:32.156+03:00  WARN 6153 --- [SpringBootLearning] [Thread-5] o.s.b.f.support.DisposableBeanAdapter    : Invocation of destroy method failed on bean with name 'inMemoryDatabaseShutdownExecutor': org.h2.jdbc.JdbcSQLNonTransientConnectionException: Database is already closed (to disable automatic closing at VM shutdown, add ";DB_CLOSE_ON_EXIT=FALSE" to the db URL) [90121-224]
2024-08-12T21:40:32.157+03:00  INFO 6153 --- [SpringBootLearning] [Thread-5] com.zaxxer.hikari.HikariDataSource       : HikariPool-1 - Shutdown initiated...
2024-08-12T21:40:32.158+03:00  INFO 6153 --- [SpringBootLearning] [Thread-5] com.zaxxer.hikari.HikariDataSource       : HikariPool-1 - Shutdown completed.
2024-08-12T21:40:32.210+03:00  INFO 6153 --- [SpringBootLearning] [restartedMain] c.s.s.SpringBootLearningApplication      : Starting SpringBootLearningApplication using Java 22.0.2 with PID 6153 (/Users/simayy/IdeaProjects/SpringBootLearning/target/classes started by simayy in /Users/simayy/IdeaProjects/SpringBootLearning)
2024-08-12T21:40:32.210+03:00  INFO 6153 --- [SpringBootLearning] [restartedMain] c.s.s.SpringBootLearningApplication      : No active profile set, falling back to 1 default profile: "default"
2024-08-12T21:40:32.342+03:00  INFO 6153 --- [SpringBootLearning] [restartedMain] .s.d.r.c.RepositoryConfigurationDelegate : Bootstrapping Spring Data JPA repositories in DEFAULT mode.
2024-08-12T21:40:32.343+03:00  INFO 6153 --- [SpringBootLearning] [restartedMain] .s.d.r.c.RepositoryConfigurationDelegate : Finished Spring Data repository scanning in 0 ms. Found 0 JPA repository interfaces.
2024-08-12T21:40:32.420+03:00  INFO 6153 --- [SpringBootLearning] [restartedMain] o.s.b.w.embedded.tomcat.TomcatWebServer  : Tomcat initialized with port 8080 (http)
2024-08-12T21:40:32.420+03:00  INFO 6153 --- [SpringBootLearning] [restartedMain] o.apache.catalina.core.StandardService   : Starting service [Tomcat]
2024-08-12T21:40:32.420+03:00  INFO 6153 --- [SpringBootLearning] [restartedMain] o.apache.catalina.core.StandardEngine    : Starting Servlet engine: [Apache Tomcat/10.1.26]
2024-08-12T21:40:32.426+03:00  INFO 6153 --- [SpringBootLearning] [restartedMain] o.a.c.c.C.[Tomcat].[localhost].[/]       : Initializing Spring embedded WebApplicationContext
2024-08-12T21:40:32.426+03:00  INFO 6153 --- [SpringBootLearning] [restartedMain] w.s.c.ServletWebServerApplicationContext : Root WebApplicationContext: initialization completed in 215 ms
2024-08-12T21:40:32.454+03:00  INFO 6153 --- [SpringBootLearning] [restartedMain] com.zaxxer.hikari.HikariDataSource       : HikariPool-2 - Starting...
2024-08-12T21:40:32.456+03:00  INFO 6153 --- [SpringBootLearning] [restartedMain] com.zaxxer.hikari.pool.HikariPool        : HikariPool-2 - Added connection conn10: url=jdbc:h2:mem:deneme user=ROOT
2024-08-12T21:40:32.456+03:00  INFO 6153 --- [SpringBootLearning] [restartedMain] com.zaxxer.hikari.HikariDataSource       : HikariPool-2 - Start completed.
2024-08-12T21:40:32.456+03:00  INFO 6153 --- [SpringBootLearning] [restartedMain] o.s.b.a.h2.H2ConsoleAutoConfiguration    : H2 console available at '/h2-console'. Database available at 'jdbc:h2:mem:deneme'
2024-08-12T21:40:32.487+03:00  INFO 6153 --- [SpringBootLearning] [restartedMain] o.hibernate.jpa.internal.util.LogHelper  : HHH000204: Processing PersistenceUnitInfo [name: default]
2024-08-12T21:40:32.489+03:00  INFO 6153 --- [SpringBootLearning] [restartedMain] o.h.c.internal.RegionFactoryInitiator    : HHH000026: Second-level cache disabled
2024-08-12T21:40:32.494+03:00  INFO 6153 --- [SpringBootLearning] [restartedMain] o.s.o.j.p.SpringPersistenceUnitInfo      : No LoadTimeWeaver setup: ignoring JPA class transformer
2024-08-12T21:40:32.495+03:00  WARN 6153 --- [SpringBootLearning] [restartedMain] org.hibernate.orm.deprecation            : HHH90000025: H2Dialect does not need to be specified explicitly using 'hibernate.dialect' (remove the property setting and it will be selected by default)
2024-08-12T21:40:32.505+03:00  INFO 6153 --- [SpringBootLearning] [restartedMain] o.h.e.t.j.p.i.JtaPlatformInitiator       : HHH000489: No JTA platform available (set 'hibernate.transaction.jta.platform' to enable JTA platform integration)
2024-08-12T21:40:32.505+03:00  INFO 6153 --- [SpringBootLearning] [restartedMain] j.LocalContainerEntityManagerFactoryBean : Initialized JPA EntityManagerFactory for persistence unit 'default'
2024-08-12T21:40:32.528+03:00  WARN 6153 --- [SpringBootLearning] [restartedMain] JpaBaseConfiguration$JpaWebConfiguration : spring.jpa.open-in-view is enabled by default. Therefore, database queries may be performed during view rendering. Explicitly configure spring.jpa.open-in-view to disable this warning
2024-08-12T21:40:32.617+03:00  WARN 6153 --- [SpringBootLearning] [restartedMain] ion$DefaultTemplateResolverConfiguration : Cannot find template location: classpath:/templates/ (please add some templates, check your Thymeleaf configuration, or set spring.thymeleaf.check-template-location=false)
2024-08-12T21:40:32.753+03:00  INFO 6153 --- [SpringBootLearning] [restartedMain] o.s.b.d.a.OptionalLiveReloadServer       : LiveReload server is running on port 35729
2024-08-12T21:40:32.756+03:00  INFO 6153 --- [SpringBootLearning] [restartedMain] o.s.b.a.e.web.EndpointLinksResolver      : Exposing 1 endpoint beneath base path '/actuator'
2024-08-12T21:40:32.776+03:00  INFO 6153 --- [SpringBootLearning] [restartedMain] o.s.b.w.embedded.tomcat.TomcatWebServer  : Tomcat started on port 8080 (http) with context path '/'
2024-08-12T21:40:32.781+03:00  INFO 6153 --- [SpringBootLearning] [restartedMain] c.s.s.SpringBootLearningApplication      : Started SpringBootLearningApplication in 0.584 seconds (process running for 19.057)
2024-08-12T21:40:32.783+03:00  INFO 6153 --- [SpringBootLearning] [restartedMain] .ConditionEvaluationDeltaLoggingListener : Condition evaluation unchanged
2024-08-12T21:41:16.921+03:00  INFO 6153 --- [SpringBootLearning] [SpringApplicationShutdownHook] j.LocalContainerEntityManagerFactoryBean : Closing JPA EntityManagerFactory for persistence unit 'default'
2024-08-12T21:41:16.922+03:00  WARN 6153 --- [SpringBootLearning] [SpringApplicationShutdownHook] o.s.b.f.support.DisposableBeanAdapter    : Invocation of destroy method failed on bean with name 'inMemoryDatabaseShutdownExecutor': org.h2.jdbc.JdbcSQLNonTransientConnectionException: Database is already closed (to disable automatic closing at VM shutdown, add ";DB_CLOSE_ON_EXIT=FALSE" to the db URL) [90121-224]
2024-08-12T21:41:16.923+03:00  INFO 6153 --- [SpringBootLearning] [SpringApplicationShutdownHook] com.zaxxer.hikari.HikariDataSource       : HikariPool-2 - Shutdown initiated...
2024-08-12T21:41:16.923+03:00  INFO 6153 --- [SpringBootLearning] [SpringApplicationShutdownHook] com.zaxxer.hikari.HikariDataSource       : HikariPool-2 - Shutdown completed.
2024-08-12T21:41:22.277+03:00  INFO 6185 --- [SpringBootLearning] [restartedMain] c.s.s.SpringBootLearningApplication      : Starting SpringBootLearningApplication using Java 22.0.2 with PID 6185 (/Users/simayy/IdeaProjects/SpringBootLearning/target/classes started by simayy in /Users/simayy/IdeaProjects/SpringBootLearning)
2024-08-12T21:41:22.278+03:00  INFO 6185 --- [SpringBootLearning] [restartedMain] c.s.s.SpringBootLearningApplication      : No active profile set, falling back to 1 default profile: "default"
2024-08-12T21:41:22.299+03:00  INFO 6185 --- [SpringBootLearning] [restartedMain] o.s.b.devtools.restart.ChangeableUrls    : The Class-Path manifest attribute in /Users/simayy/.m2/repository/com/oracle/database/jdbc/ojdbc11/21.9.0.0/ojdbc11-21.9.0.0.jar referenced one or more files that do not exist: file:/Users/simayy/.m2/repository/com/oracle/database/jdbc/ojdbc11/21.9.0.0/oraclepki.jar
2024-08-12T21:41:22.299+03:00  INFO 6185 --- [SpringBootLearning] [restartedMain] .e.DevToolsPropertyDefaultsPostProcessor : Devtools property defaults active! Set 'spring.devtools.add-properties' to 'false' to disable
2024-08-12T21:41:22.300+03:00  INFO 6185 --- [SpringBootLearning] [restartedMain] .e.DevToolsPropertyDefaultsPostProcessor : For additional web related logging consider setting the 'logging.level.web' property to 'DEBUG'
2024-08-12T21:41:22.728+03:00  INFO 6185 --- [SpringBootLearning] [restartedMain] .s.d.r.c.RepositoryConfigurationDelegate : Bootstrapping Spring Data JPA repositories in DEFAULT mode.
2024-08-12T21:41:22.737+03:00  INFO 6185 --- [SpringBootLearning] [restartedMain] .s.d.r.c.RepositoryConfigurationDelegate : Finished Spring Data repository scanning in 5 ms. Found 0 JPA repository interfaces.
2024-08-12T21:41:23.178+03:00  INFO 6185 --- [SpringBootLearning] [restartedMain] o.s.b.w.embedded.tomcat.TomcatWebServer  : Tomcat initialized with port 8080 (http)
2024-08-12T21:41:23.187+03:00  INFO 6185 --- [SpringBootLearning] [restartedMain] o.apache.catalina.core.StandardService   : Starting service [Tomcat]
2024-08-12T21:41:23.188+03:00  INFO 6185 --- [SpringBootLearning] [restartedMain] o.apache.catalina.core.StandardEngine    : Starting Servlet engine: [Apache Tomcat/10.1.26]
2024-08-12T21:41:23.222+03:00  INFO 6185 --- [SpringBootLearning] [restartedMain] o.a.c.c.C.[Tomcat].[localhost].[/]       : Initializing Spring embedded WebApplicationContext
2024-08-12T21:41:23.222+03:00  INFO 6185 --- [SpringBootLearning] [restartedMain] w.s.c.ServletWebServerApplicationContext : Root WebApplicationContext: initialization completed in 922 ms
2024-08-12T21:41:23.303+03:00  INFO 6185 --- [SpringBootLearning] [restartedMain] com.zaxxer.hikari.HikariDataSource       : HikariPool-1 - Starting...
2024-08-12T21:41:23.456+03:00  INFO 6185 --- [SpringBootLearning] [restartedMain] com.zaxxer.hikari.pool.HikariPool        : HikariPool-1 - Added connection conn0: url=jdbc:h2:mem:deneme user=ROOT
2024-08-12T21:41:23.457+03:00  INFO 6185 --- [SpringBootLearning] [restartedMain] com.zaxxer.hikari.HikariDataSource       : HikariPool-1 - Start completed.
2024-08-12T21:41:23.463+03:00  INFO 6185 --- [SpringBootLearning] [restartedMain] o.s.b.a.h2.H2ConsoleAutoConfiguration    : H2 console available at '/h2-console'. Database available at 'jdbc:h2:mem:deneme'
2024-08-12T21:41:23.566+03:00  INFO 6185 --- [SpringBootLearning] [restartedMain] o.hibernate.jpa.internal.util.LogHelper  : HHH000204: Processing PersistenceUnitInfo [name: default]
2024-08-12T21:41:23.595+03:00  INFO 6185 --- [SpringBootLearning] [restartedMain] org.hibernate.Version                    : HHH000412: Hibernate ORM core version 6.5.2.Final
2024-08-12T21:41:23.611+03:00  INFO 6185 --- [SpringBootLearning] [restartedMain] o.h.c.internal.RegionFactoryInitiator    : HHH000026: Second-level cache disabled
2024-08-12T21:41:23.755+03:00  INFO 6185 --- [SpringBootLearning] [restartedMain] o.s.o.j.p.SpringPersistenceUnitInfo      : No LoadTimeWeaver setup: ignoring JPA class transformer
2024-08-12T21:41:23.779+03:00  WARN 6185 --- [SpringBootLearning] [restartedMain] org.hibernate.orm.deprecation            : HHH90000025: H2Dialect does not need to be specified explicitly using 'hibernate.dialect' (remove the property setting and it will be selected by default)
2024-08-12T21:41:23.949+03:00  INFO 6185 --- [SpringBootLearning] [restartedMain] o.h.e.t.j.p.i.JtaPlatformInitiator       : HHH000489: No JTA platform available (set 'hibernate.transaction.jta.platform' to enable JTA platform integration)
2024-08-12T21:41:23.951+03:00  INFO 6185 --- [SpringBootLearning] [restartedMain] j.LocalContainerEntityManagerFactoryBean : Initialized JPA EntityManagerFactory for persistence unit 'default'
2024-08-12T21:41:23.999+03:00  WARN 6185 --- [SpringBootLearning] [restartedMain] JpaBaseConfiguration$JpaWebConfiguration : spring.jpa.open-in-view is enabled by default. Therefore, database queries may be performed during view rendering. Explicitly configure spring.jpa.open-in-view to disable this warning
2024-08-12T21:41:24.200+03:00  WARN 6185 --- [SpringBootLearning] [restartedMain] ion$DefaultTemplateResolverConfiguration : Cannot find template location: classpath:/templates/ (please add some templates, check your Thymeleaf configuration, or set spring.thymeleaf.check-template-location=false)
2024-08-12T21:41:24.457+03:00  INFO 6185 --- [SpringBootLearning] [restartedMain] o.s.b.d.a.OptionalLiveReloadServer       : LiveReload server is running on port 35729
2024-08-12T21:41:24.467+03:00  INFO 6185 --- [SpringBootLearning] [restartedMain] o.s.b.a.e.web.EndpointLinksResolver      : Exposing 1 endpoint beneath base path '/actuator'
2024-08-12T21:41:24.528+03:00  INFO 6185 --- [SpringBootLearning] [restartedMain] o.s.b.w.embedded.tomcat.TomcatWebServer  : Tomcat started on port 8080 (http) with context path '/'
2024-08-12T21:41:24.538+03:00  INFO 6185 --- [SpringBootLearning] [restartedMain] c.s.s.SpringBootLearningApplication      : Started SpringBootLearningApplication in 2.435 seconds (process running for 2.744)
2024-08-12T21:41:25.076+03:00  INFO 6185 --- [SpringBootLearning] [RMI TCP Connection(1)-127.0.0.1] o.a.c.c.C.[Tomcat].[localhost].[/]       : Initializing Spring DispatcherServlet 'dispatcherServlet'
2024-08-12T21:41:25.076+03:00  INFO 6185 --- [SpringBootLearning] [RMI TCP Connection(1)-127.0.0.1] o.s.web.servlet.DispatcherServlet        : Initializing Servlet 'dispatcherServlet'
2024-08-12T21:41:25.077+03:00  INFO 6185 --- [SpringBootLearning] [RMI TCP Connection(1)-127.0.0.1] o.s.web.servlet.DispatcherServlet        : Completed initialization in 1 ms
2024-08-12T21:42:19.652+03:00  INFO 6185 --- [SpringBootLearning] [SpringApplicationShutdownHook] j.LocalContainerEntityManagerFactoryBean : Closing JPA EntityManagerFactory for persistence unit 'default'
2024-08-12T21:42:19.658+03:00  WARN 6185 --- [SpringBootLearning] [SpringApplicationShutdownHook] o.s.b.f.support.DisposableBeanAdapter    : Invocation of destroy method failed on bean with name 'inMemoryDatabaseShutdownExecutor': org.h2.jdbc.JdbcSQLNonTransientConnectionException: Database is already closed (to disable automatic closing at VM shutdown, add ";DB_CLOSE_ON_EXIT=FALSE" to the db URL) [90121-224]
2024-08-12T21:42:19.659+03:00  INFO 6185 --- [SpringBootLearning] [SpringApplicationShutdownHook] com.zaxxer.hikari.HikariDataSource       : HikariPool-1 - Shutdown initiated...
2024-08-12T21:42:19.660+03:00  INFO 6185 --- [SpringBootLearning] [SpringApplicationShutdownHook] com.zaxxer.hikari.HikariDataSource       : HikariPool-1 - Shutdown completed.
2024-08-12T21:42:20.675+03:00  INFO 6195 --- [SpringBootLearning] [restartedMain] c.s.s.SpringBootLearningApplication      : Starting SpringBootLearningApplication using Java 22.0.2 with PID 6195 (/Users/simayy/IdeaProjects/SpringBootLearning/target/classes started by simayy in /Users/simayy/IdeaProjects/SpringBootLearning)
2024-08-12T21:42:20.676+03:00  INFO 6195 --- [SpringBootLearning] [restartedMain] c.s.s.SpringBootLearningApplication      : No active profile set, falling back to 1 default profile: "default"
2024-08-12T21:42:20.696+03:00  INFO 6195 --- [SpringBootLearning] [restartedMain] o.s.b.devtools.restart.ChangeableUrls    : The Class-Path manifest attribute in /Users/simayy/.m2/repository/com/oracle/database/jdbc/ojdbc11/21.9.0.0/ojdbc11-21.9.0.0.jar referenced one or more files that do not exist: file:/Users/simayy/.m2/repository/com/oracle/database/jdbc/ojdbc11/21.9.0.0/oraclepki.jar
2024-08-12T21:42:20.696+03:00  INFO 6195 --- [SpringBootLearning] [restartedMain] .e.DevToolsPropertyDefaultsPostProcessor : Devtools property defaults active! Set 'spring.devtools.add-properties' to 'false' to disable
2024-08-12T21:42:20.696+03:00  INFO 6195 --- [SpringBootLearning] [restartedMain] .e.DevToolsPropertyDefaultsPostProcessor : For additional web related logging consider setting the 'logging.level.web' property to 'DEBUG'
2024-08-12T21:42:21.124+03:00  INFO 6195 --- [SpringBootLearning] [restartedMain] .s.d.r.c.RepositoryConfigurationDelegate : Bootstrapping Spring Data JPA repositories in DEFAULT mode.
2024-08-12T21:42:21.133+03:00  INFO 6195 --- [SpringBootLearning] [restartedMain] .s.d.r.c.RepositoryConfigurationDelegate : Finished Spring Data repository scanning in 5 ms. Found 0 JPA repository interfaces.
2024-08-12T21:42:21.530+03:00  INFO 6195 --- [SpringBootLearning] [restartedMain] o.s.b.w.embedded.tomcat.TomcatWebServer  : Tomcat initialized with port 8080 (http)
2024-08-12T21:42:21.538+03:00  INFO 6195 --- [SpringBootLearning] [restartedMain] o.apache.catalina.core.StandardService   : Starting service [Tomcat]
2024-08-12T21:42:21.538+03:00  INFO 6195 --- [SpringBootLearning] [restartedMain] o.apache.catalina.core.StandardEngine    : Starting Servlet engine: [Apache Tomcat/10.1.26]
2024-08-12T21:42:21.567+03:00  INFO 6195 --- [SpringBootLearning] [restartedMain] o.a.c.c.C.[Tomcat].[localhost].[/]       : Initializing Spring embedded WebApplicationContext
2024-08-12T21:42:21.567+03:00  INFO 6195 --- [SpringBootLearning] [restartedMain] w.s.c.ServletWebServerApplicationContext : Root WebApplicationContext: initialization completed in 870 ms
2024-08-12T21:42:21.629+03:00  INFO 6195 --- [SpringBootLearning] [restartedMain] com.zaxxer.hikari.HikariDataSource       : HikariPool-1 - Starting...
2024-08-12T21:42:21.778+03:00  INFO 6195 --- [SpringBootLearning] [restartedMain] com.zaxxer.hikari.pool.HikariPool        : HikariPool-1 - Added connection conn0: url=jdbc:h2:mem:deneme user=ROOT
2024-08-12T21:42:21.778+03:00  INFO 6195 --- [SpringBootLearning] [restartedMain] com.zaxxer.hikari.HikariDataSource       : HikariPool-1 - Start completed.
2024-08-12T21:42:21.785+03:00  INFO 6195 --- [SpringBootLearning] [restartedMain] o.s.b.a.h2.H2ConsoleAutoConfiguration    : H2 console available at '/h2-console'. Database available at 'jdbc:h2:mem:deneme'
2024-08-12T21:42:21.896+03:00  INFO 6195 --- [SpringBootLearning] [restartedMain] o.hibernate.jpa.internal.util.LogHelper  : HHH000204: Processing PersistenceUnitInfo [name: default]
2024-08-12T21:42:21.928+03:00  INFO 6195 --- [SpringBootLearning] [restartedMain] org.hibernate.Version                    : HHH000412: Hibernate ORM core version 6.5.2.Final
2024-08-12T21:42:21.944+03:00  INFO 6195 --- [SpringBootLearning] [restartedMain] o.h.c.internal.RegionFactoryInitiator    : HHH000026: Second-level cache disabled
2024-08-12T21:42:22.095+03:00  INFO 6195 --- [SpringBootLearning] [restartedMain] o.s.o.j.p.SpringPersistenceUnitInfo      : No LoadTimeWeaver setup: ignoring JPA class transformer
2024-08-12T21:42:22.123+03:00  WARN 6195 --- [SpringBootLearning] [restartedMain] org.hibernate.orm.deprecation            : HHH90000025: H2Dialect does not need to be specified explicitly using 'hibernate.dialect' (remove the property setting and it will be selected by default)
2024-08-12T21:42:22.306+03:00  INFO 6195 --- [SpringBootLearning] [restartedMain] o.h.e.t.j.p.i.JtaPlatformInitiator       : HHH000489: No JTA platform available (set 'hibernate.transaction.jta.platform' to enable JTA platform integration)
2024-08-12T21:42:22.309+03:00  INFO 6195 --- [SpringBootLearning] [restartedMain] j.LocalContainerEntityManagerFactoryBean : Initialized JPA EntityManagerFactory for persistence unit 'default'
2024-08-12T21:42:22.369+03:00  WARN 6195 --- [SpringBootLearning] [restartedMain] JpaBaseConfiguration$JpaWebConfiguration : spring.jpa.open-in-view is enabled by default. Therefore, database queries may be performed during view rendering. Explicitly configure spring.jpa.open-in-view to disable this warning
2024-08-12T21:42:22.650+03:00  WARN 6195 --- [SpringBootLearning] [restartedMain] ion$DefaultTemplateResolverConfiguration : Cannot find template location: classpath:/templates/ (please add some templates, check your Thymeleaf configuration, or set spring.thymeleaf.check-template-location=false)
2024-08-12T21:42:22.943+03:00  INFO 6195 --- [SpringBootLearning] [restartedMain] o.s.b.d.a.OptionalLiveReloadServer       : LiveReload server is running on port 35729
2024-08-12T21:42:22.950+03:00  INFO 6195 --- [SpringBootLearning] [restartedMain] o.s.b.a.e.web.EndpointLinksResolver      : Exposing 1 endpoint beneath base path '/actuator'
2024-08-12T21:42:23.007+03:00  INFO 6195 --- [SpringBootLearning] [restartedMain] o.s.b.w.embedded.tomcat.TomcatWebServer  : Tomcat started on port 8080 (http) with context path '/'
2024-08-12T21:42:23.018+03:00  INFO 6195 --- [SpringBootLearning] [restartedMain] c.s.s.SpringBootLearningApplication      : Started SpringBootLearningApplication in 2.514 seconds (process running for 2.832)
2024-08-12T21:42:23.440+03:00  INFO 6195 --- [SpringBootLearning] [RMI TCP Connection(3)-127.0.0.1] o.a.c.c.C.[Tomcat].[localhost].[/]       : Initializing Spring DispatcherServlet 'dispatcherServlet'
2024-08-12T21:42:23.441+03:00  INFO 6195 --- [SpringBootLearning] [RMI TCP Connection(3)-127.0.0.1] o.s.web.servlet.DispatcherServlet        : Initializing Servlet 'dispatcherServlet'
2024-08-12T21:42:23.442+03:00  INFO 6195 --- [SpringBootLearning] [RMI TCP Connection(3)-127.0.0.1] o.s.web.servlet.DispatcherServlet        : Completed initialization in 1 ms
2024-08-12T21:52:00.524+03:00  INFO 6195 --- [SpringBootLearning] [SpringApplicationShutdownHook] j.LocalContainerEntityManagerFactoryBean : Closing JPA EntityManagerFactory for persistence unit 'default'
2024-08-12T21:52:00.529+03:00  WARN 6195 --- [SpringBootLearning] [SpringApplicationShutdownHook] o.s.b.f.support.DisposableBeanAdapter    : Invocation of destroy method failed on bean with name 'inMemoryDatabaseShutdownExecutor': org.h2.jdbc.JdbcSQLNonTransientConnectionException: Database is already closed (to disable automatic closing at VM shutdown, add ";DB_CLOSE_ON_EXIT=FALSE" to the db URL) [90121-224]
2024-08-12T21:52:00.530+03:00  INFO 6195 --- [SpringBootLearning] [SpringApplicationShutdownHook] com.zaxxer.hikari.HikariDataSource       : HikariPool-1 - Shutdown initiated...
2024-08-12T21:52:00.532+03:00  INFO 6195 --- [SpringBootLearning] [SpringApplicationShutdownHook] com.zaxxer.hikari.HikariDataSource       : HikariPool-1 - Shutdown completed.
2024-08-12T22:03:07.997+03:00  INFO 6728 --- [SpringBootLearning] [restartedMain] c.s.s.SpringBootLearningApplication      : Starting SpringBootLearningApplication using Java 22.0.2 with PID 6728 (/Users/simayy/IdeaProjects/SpringBootLearning/target/classes started by simayy in /Users/simayy/IdeaProjects/SpringBootLearning)
2024-08-12T22:03:07.997+03:00  INFO 6728 --- [SpringBootLearning] [restartedMain] c.s.s.SpringBootLearningApplication      : No active profile set, falling back to 1 default profile: "default"
2024-08-12T22:03:08.016+03:00  INFO 6728 --- [SpringBootLearning] [restartedMain] o.s.b.devtools.restart.ChangeableUrls    : The Class-Path manifest attribute in /Users/simayy/.m2/repository/com/oracle/database/jdbc/ojdbc11/21.9.0.0/ojdbc11-21.9.0.0.jar referenced one or more files that do not exist: file:/Users/simayy/.m2/repository/com/oracle/database/jdbc/ojdbc11/21.9.0.0/oraclepki.jar
2024-08-12T22:03:08.016+03:00  INFO 6728 --- [SpringBootLearning] [restartedMain] .e.DevToolsPropertyDefaultsPostProcessor : Devtools property defaults active! Set 'spring.devtools.add-properties' to 'false' to disable
2024-08-12T22:03:08.017+03:00  INFO 6728 --- [SpringBootLearning] [restartedMain] .e.DevToolsPropertyDefaultsPostProcessor : For additional web related logging consider setting the 'logging.level.web' property to 'DEBUG'
2024-08-12T22:03:08.447+03:00  INFO 6728 --- [SpringBootLearning] [restartedMain] .s.d.r.c.RepositoryConfigurationDelegate : Bootstrapping Spring Data JPA repositories in DEFAULT mode.
2024-08-12T22:03:08.455+03:00  INFO 6728 --- [SpringBootLearning] [restartedMain] .s.d.r.c.RepositoryConfigurationDelegate : Finished Spring Data repository scanning in 5 ms. Found 0 JPA repository interfaces.
2024-08-12T22:03:08.862+03:00  INFO 6728 --- [SpringBootLearning] [restartedMain] o.s.b.w.embedded.tomcat.TomcatWebServer  : Tomcat initialized with port 8080 (http)
2024-08-12T22:03:08.869+03:00  INFO 6728 --- [SpringBootLearning] [restartedMain] o.apache.catalina.core.StandardService   : Starting service [Tomcat]
2024-08-12T22:03:08.869+03:00  INFO 6728 --- [SpringBootLearning] [restartedMain] o.apache.catalina.core.StandardEngine    : Starting Servlet engine: [Apache Tomcat/10.1.26]
2024-08-12T22:03:08.898+03:00  INFO 6728 --- [SpringBootLearning] [restartedMain] o.a.c.c.C.[Tomcat].[localhost].[/]       : Initializing Spring embedded WebApplicationContext
2024-08-12T22:03:08.898+03:00  INFO 6728 --- [SpringBootLearning] [restartedMain] w.s.c.ServletWebServerApplicationContext : Root WebApplicationContext: initialization completed in 881 ms
2024-08-12T22:03:08.960+03:00  INFO 6728 --- [SpringBootLearning] [restartedMain] com.zaxxer.hikari.HikariDataSource       : HikariPool-1 - Starting...
2024-08-12T22:03:09.110+03:00  INFO 6728 --- [SpringBootLearning] [restartedMain] com.zaxxer.hikari.pool.HikariPool        : HikariPool-1 - Added connection conn0: url=jdbc:h2:mem:deneme user=ROOT
2024-08-12T22:03:09.111+03:00  INFO 6728 --- [SpringBootLearning] [restartedMain] com.zaxxer.hikari.HikariDataSource       : HikariPool-1 - Start completed.
2024-08-12T22:03:09.117+03:00  INFO 6728 --- [SpringBootLearning] [restartedMain] o.s.b.a.h2.H2ConsoleAutoConfiguration    : H2 console available at '/h2-console'. Database available at 'jdbc:h2:mem:deneme'
2024-08-12T22:03:09.228+03:00  INFO 6728 --- [SpringBootLearning] [restartedMain] o.hibernate.jpa.internal.util.LogHelper  : HHH000204: Processing PersistenceUnitInfo [name: default]
2024-08-12T22:03:09.264+03:00  INFO 6728 --- [SpringBootLearning] [restartedMain] org.hibernate.Version                    : HHH000412: Hibernate ORM core version 6.5.2.Final
2024-08-12T22:03:09.284+03:00  INFO 6728 --- [SpringBootLearning] [restartedMain] o.h.c.internal.RegionFactoryInitiator    : HHH000026: Second-level cache disabled
2024-08-12T22:03:09.443+03:00  INFO 6728 --- [SpringBootLearning] [restartedMain] o.s.o.j.p.SpringPersistenceUnitInfo      : No LoadTimeWeaver setup: ignoring JPA class transformer
2024-08-12T22:03:09.470+03:00  WARN 6728 --- [SpringBootLearning] [restartedMain] org.hibernate.orm.deprecation            : HHH90000025: H2Dialect does not need to be specified explicitly using 'hibernate.dialect' (remove the property setting and it will be selected by default)
2024-08-12T22:03:09.656+03:00  INFO 6728 --- [SpringBootLearning] [restartedMain] o.h.e.t.j.p.i.JtaPlatformInitiator       : HHH000489: No JTA platform available (set 'hibernate.transaction.jta.platform' to enable JTA platform integration)
2024-08-12T22:03:09.659+03:00  INFO 6728 --- [SpringBootLearning] [restartedMain] j.LocalContainerEntityManagerFactoryBean : Initialized JPA EntityManagerFactory for persistence unit 'default'
2024-08-12T22:03:09.707+03:00  WARN 6728 --- [SpringBootLearning] [restartedMain] JpaBaseConfiguration$JpaWebConfiguration : spring.jpa.open-in-view is enabled by default. Therefore, database queries may be performed during view rendering. Explicitly configure spring.jpa.open-in-view to disable this warning
2024-08-12T22:03:09.915+03:00  WARN 6728 --- [SpringBootLearning] [restartedMain] ion$DefaultTemplateResolverConfiguration : Cannot find template location: classpath:/templates/ (please add some templates, check your Thymeleaf configuration, or set spring.thymeleaf.check-template-location=false)
2024-08-12T22:03:10.176+03:00  INFO 6728 --- [SpringBootLearning] [restartedMain] o.s.b.d.a.OptionalLiveReloadServer       : LiveReload server is running on port 35729
2024-08-12T22:03:10.183+03:00  INFO 6728 --- [SpringBootLearning] [restartedMain] o.s.b.a.e.web.EndpointLinksResolver      : Exposing 1 endpoint beneath base path '/actuator'
2024-08-12T22:03:10.235+03:00  INFO 6728 --- [SpringBootLearning] [restartedMain] o.s.b.w.embedded.tomcat.TomcatWebServer  : Tomcat started on port 8080 (http) with context path '/'
2024-08-12T22:03:10.245+03:00  INFO 6728 --- [SpringBootLearning] [restartedMain] c.s.s.SpringBootLearningApplication      : Started SpringBootLearningApplication in 2.416 seconds (process running for 2.78)
2024-08-12T22:03:10.835+03:00  INFO 6728 --- [SpringBootLearning] [RMI TCP Connection(2)-127.0.0.1] o.a.c.c.C.[Tomcat].[localhost].[/]       : Initializing Spring DispatcherServlet 'dispatcherServlet'
2024-08-12T22:03:10.835+03:00  INFO 6728 --- [SpringBootLearning] [RMI TCP Connection(2)-127.0.0.1] o.s.web.servlet.DispatcherServlet        : Initializing Servlet 'dispatcherServlet'
2024-08-12T22:03:10.836+03:00  INFO 6728 --- [SpringBootLearning] [RMI TCP Connection(2)-127.0.0.1] o.s.web.servlet.DispatcherServlet        : Completed initialization in 1 ms
